  [1m[35m (117.5ms)[0m  [1m[35mCREATE TABLE "schema_migrations" ("version" varchar NOT NULL PRIMARY KEY)[0m
  [1m[35m (105.3ms)[0m  [1m[35mCREATE TABLE "ar_internal_metadata" ("key" varchar NOT NULL PRIMARY KEY, "value" varchar, "created_at" datetime NOT NULL, "updated_at" datetime NOT NULL)[0m
  [1m[36mActiveRecord::SchemaMigration Load (0.2ms)[0m  [1m[34mSELECT "schema_migrations".* FROM "schema_migrations"[0m
Migrating to CreateBooks (20170622174405)
  [1m[35m (0.1ms)[0m  [1m[36mbegin transaction[0m
  [1m[35m (0.4ms)[0m  [1m[35mCREATE TABLE "books" ("id" INTEGER PRIMARY KEY AUTOINCREMENT NOT NULL, "title" varchar, "description" text, "author" varchar, "created_at" datetime NOT NULL, "updated_at" datetime NOT NULL)[0m
  [1m[35mSQL (0.2ms)[0m  [1m[32mINSERT INTO "schema_migrations" ("version") VALUES (?)[0m  [["version", "20170622174405"]]
  [1m[35m (101.8ms)[0m  [1m[36mcommit transaction[0m
Migrating to DeviseCreateUsers (20170625013649)
  [1m[35m (0.1ms)[0m  [1m[36mbegin transaction[0m
  [1m[35m (0.4ms)[0m  [1m[35mCREATE TABLE "users" ("id" INTEGER PRIMARY KEY AUTOINCREMENT NOT NULL, "email" varchar DEFAULT '' NOT NULL, "encrypted_password" varchar DEFAULT '' NOT NULL, "reset_password_token" varchar, "reset_password_sent_at" datetime, "remember_created_at" datetime, "sign_in_count" integer DEFAULT 0 NOT NULL, "current_sign_in_at" datetime, "last_sign_in_at" datetime, "current_sign_in_ip" varchar, "last_sign_in_ip" varchar, "created_at" datetime NOT NULL, "updated_at" datetime NOT NULL)[0m
  [1m[35m (0.1ms)[0m  [1m[34mselect sqlite_version(*)[0m
  [1m[35m (0.2ms)[0m  [1m[35mCREATE UNIQUE INDEX "index_users_on_email" ON "users" ("email")[0m
  [1m[35m (0.1ms)[0m  [1m[34m            SELECT sql
            FROM sqlite_master
            WHERE name='index_users_on_email' AND type='index'
            UNION ALL
            SELECT sql
            FROM sqlite_temp_master
            WHERE name='index_users_on_email' AND type='index'
[0m
  [1m[35m (0.2ms)[0m  [1m[35mCREATE UNIQUE INDEX "index_users_on_reset_password_token" ON "users" ("reset_password_token")[0m
  [1m[35mSQL (0.1ms)[0m  [1m[32mINSERT INTO "schema_migrations" ("version") VALUES (?)[0m  [["version", "20170625013649"]]
  [1m[35m (95.2ms)[0m  [1m[36mcommit transaction[0m
Migrating to AddUserIdToBooks (20170625015221)
  [1m[35m (0.1ms)[0m  [1m[36mbegin transaction[0m
  [1m[35m (0.4ms)[0m  [1m[35mALTER TABLE "books" ADD "user_id" integer[0m
  [1m[35mSQL (0.2ms)[0m  [1m[32mINSERT INTO "schema_migrations" ("version") VALUES (?)[0m  [["version", "20170625015221"]]
  [1m[35m (68.8ms)[0m  [1m[36mcommit transaction[0m
Migrating to CreateCategories (20170625021233)
  [1m[35m (0.1ms)[0m  [1m[36mbegin transaction[0m
  [1m[35m (0.3ms)[0m  [1m[35mCREATE TABLE "categories" ("id" INTEGER PRIMARY KEY AUTOINCREMENT NOT NULL, "name" varchar, "created_at" datetime NOT NULL, "updated_at" datetime NOT NULL)[0m
  [1m[35mSQL (0.2ms)[0m  [1m[32mINSERT INTO "schema_migrations" ("version") VALUES (?)[0m  [["version", "20170625021233"]]
  [1m[35m (93.1ms)[0m  [1m[36mcommit transaction[0m
Migrating to AddCategoryIdToBooks (20170625021449)
  [1m[35m (0.1ms)[0m  [1m[36mbegin transaction[0m
  [1m[35m (0.4ms)[0m  [1m[35mALTER TABLE "books" ADD "category_id" integer[0m
  [1m[35mSQL (0.1ms)[0m  [1m[32mINSERT INTO "schema_migrations" ("version") VALUES (?)[0m  [["version", "20170625021449"]]
  [1m[35m (79.0ms)[0m  [1m[36mcommit transaction[0m
  [1m[36mActiveRecord::InternalMetadata Load (0.2ms)[0m  [1m[34mSELECT  "ar_internal_metadata".* FROM "ar_internal_metadata" WHERE "ar_internal_metadata"."key" = ? LIMIT ?[0m  [["key", "environment"], ["LIMIT", 1]]
  [1m[35m (0.1ms)[0m  [1m[36mbegin transaction[0m
  [1m[35mSQL (0.3ms)[0m  [1m[32mINSERT INTO "ar_internal_metadata" ("key", "value", "created_at", "updated_at") VALUES (?, ?, ?, ?)[0m  [["key", "environment"], ["value", "development"], ["created_at", "2017-07-04 19:47:59.599886"], ["updated_at", "2017-07-04 19:47:59.599886"]]
  [1m[35m (69.7ms)[0m  [1m[36mcommit transaction[0m
  [1m[36mActiveRecord::SchemaMigration Load (0.1ms)[0m  [1m[34mSELECT "schema_migrations".* FROM "schema_migrations"[0m
  [1m[35m (0.1ms)[0m  [1m[34m            SELECT sql
            FROM sqlite_master
            WHERE name='index_users_on_reset_password_token' AND type='index'
            UNION ALL
            SELECT sql
            FROM sqlite_temp_master
            WHERE name='index_users_on_reset_password_token' AND type='index'
[0m
  [1m[35m (0.1ms)[0m  [1m[34m            SELECT sql
            FROM sqlite_master
            WHERE name='index_users_on_email' AND type='index'
            UNION ALL
            SELECT sql
            FROM sqlite_temp_master
            WHERE name='index_users_on_email' AND type='index'
[0m
Started GET "/" for 127.0.0.1 at 2017-07-04 15:48:16 -0400
  [1m[36mActiveRecord::SchemaMigration Load (0.2ms)[0m  [1m[34mSELECT "schema_migrations".* FROM "schema_migrations"[0m
Processing by BooksController#index as HTML
  Rendering books/index.html.erb within layouts/application
  [1m[35m (0.1ms)[0m  [1m[34mSELECT COUNT(*) FROM "books"[0m
  Rendered books/index.html.erb within layouts/application (3.8ms)
  [1m[36mCategory Load (0.2ms)[0m  [1m[34mSELECT "categories".* FROM "categories"[0m
Completed 200 OK in 5264ms (Views: 5245.6ms | ActiveRecord: 0.9ms)


  [1m[35m (0.1ms)[0m  [1m[36mbegin transaction[0m
  [1m[35mSQL (0.4ms)[0m  [1m[32mINSERT INTO "categories" ("name", "created_at", "updated_at") VALUES (?, ?, ?)[0m  [["name", "Fantasy"], ["created_at", "2017-07-04 19:56:38.366545"], ["updated_at", "2017-07-04 19:56:38.366545"]]
  [1m[35m (132.1ms)[0m  [1m[36mcommit transaction[0m
  [1m[35m (0.2ms)[0m  [1m[36mbegin transaction[0m
  [1m[35mSQL (0.7ms)[0m  [1m[32mINSERT INTO "categories" ("name", "created_at", "updated_at") VALUES (?, ?, ?)[0m  [["name", "Technology"], ["created_at", "2017-07-04 19:56:56.520563"], ["updated_at", "2017-07-04 19:56:56.520563"]]
  [1m[35m (91.1ms)[0m  [1m[36mcommit transaction[0m
  [1m[35m (0.2ms)[0m  [1m[36mbegin transaction[0m
  [1m[35mSQL (2.9ms)[0m  [1m[32mINSERT INTO "categories" ("name", "created_at", "updated_at") VALUES (?, ?, ?)[0m  [["name", "Biography"], ["created_at", "2017-07-04 19:57:20.214587"], ["updated_at", "2017-07-04 19:57:20.214587"]]
  [1m[35m (118.2ms)[0m  [1m[36mcommit transaction[0m
  [1m[35m (0.2ms)[0m  [1m[36mbegin transaction[0m
  [1m[35mSQL (0.7ms)[0m  [1m[32mINSERT INTO "categories" ("name", "created_at", "updated_at") VALUES (?, ?, ?)[0m  [["name", "Horror"], ["created_at", "2017-07-04 19:57:28.223647"], ["updated_at", "2017-07-04 19:57:28.223647"]]
  [1m[35m (107.0ms)[0m  [1m[36mcommit transaction[0m
  [1m[35m (0.2ms)[0m  [1m[36mbegin transaction[0m
  [1m[35mSQL (4.9ms)[0m  [1m[32mINSERT INTO "categories" ("name", "created_at", "updated_at") VALUES (?, ?, ?)[0m  [["name", "Fiction"], ["created_at", "2017-07-04 19:57:35.155278"], ["updated_at", "2017-07-04 19:57:35.155278"]]
  [1m[35m (104.6ms)[0m  [1m[36mcommit transaction[0m
  [1m[35m (0.2ms)[0m  [1m[36mbegin transaction[0m
  [1m[35mSQL (0.4ms)[0m  [1m[32mINSERT INTO "categories" ("name", "created_at", "updated_at") VALUES (?, ?, ?)[0m  [["name", "Non Fiction"], ["created_at", "2017-07-04 19:57:43.446228"], ["updated_at", "2017-07-04 19:57:43.446228"]]
  [1m[35m (81.0ms)[0m  [1m[36mcommit transaction[0m
  [1m[35m (0.2ms)[0m  [1m[36mbegin transaction[0m
  [1m[35mSQL (0.7ms)[0m  [1m[32mINSERT INTO "categories" ("name", "created_at", "updated_at") VALUES (?, ?, ?)[0m  [["name", "Science Fiction"], ["created_at", "2017-07-04 19:57:57.703356"], ["updated_at", "2017-07-04 19:57:57.703356"]]
  [1m[35m (127.8ms)[0m  [1m[36mcommit transaction[0m
  [1m[35m (0.2ms)[0m  [1m[36mbegin transaction[0m
  [1m[35mSQL (4.7ms)[0m  [1m[32mINSERT INTO "categories" ("name", "created_at", "updated_at") VALUES (?, ?, ?)[0m  [["name", "Young Adult"], ["created_at", "2017-07-04 19:58:09.158814"], ["updated_at", "2017-07-04 19:58:09.158814"]]
  [1m[35m (117.8ms)[0m  [1m[36mcommit transaction[0m
  [1m[35m (0.2ms)[0m  [1m[36mbegin transaction[0m
  [1m[35mSQL (0.6ms)[0m  [1m[32mINSERT INTO "categories" ("name", "created_at", "updated_at") VALUES (?, ?, ?)[0m  [["name", "Romance"], ["created_at", "2017-07-04 19:58:24.731898"], ["updated_at", "2017-07-04 19:58:24.731898"]]
  [1m[35m (103.6ms)[0m  [1m[36mcommit transaction[0m
Started GET "/" for 127.0.0.1 at 2017-07-04 15:59:39 -0400
Processing by BooksController#index as HTML
  Rendering books/index.html.erb within layouts/application
  [1m[35m (0.6ms)[0m  [1m[34mSELECT COUNT(*) FROM "books"[0m
  Rendered books/index.html.erb within layouts/application (3.0ms)
  [1m[36mCategory Load (0.3ms)[0m  [1m[34mSELECT "categories".* FROM "categories"[0m
Completed 200 OK in 124ms (Views: 119.5ms | ActiveRecord: 1.7ms)


Started GET "/users/sign_up" for 127.0.0.1 at 2017-07-04 15:59:45 -0400
Processing by Devise::RegistrationsController#new as HTML
  Rendering devise/registrations/new.html.erb within layouts/application
  Rendered devise/shared/_links.html.erb (1.6ms)
  Rendered devise/registrations/new.html.erb within layouts/application (96.7ms)
  [1m[36mCategory Load (0.3ms)[0m  [1m[34mSELECT "categories".* FROM "categories"[0m
Completed 200 OK in 193ms (Views: 174.9ms | ActiveRecord: 1.0ms)


Started POST "/users" for 127.0.0.1 at 2017-07-04 16:00:06 -0400
Processing by Devise::RegistrationsController#create as HTML
  Parameters: {"utf8"=>"✓", "authenticity_token"=>"GeOJOuhSzg066GlCWBiqab7R1ehs2rvE0jg96gmEy4xg5AFoQ6mm/mQr9W2hHvXQMSiufplY21NU+Dp6AOe4iQ==", "user"=>{"email"=>"redcard1016@yahoo.com", "password"=>"[FILTERED]", "password_confirmation"=>"[FILTERED]"}, "commit"=>"Sign up"}
  [1m[35m (0.5ms)[0m  [1m[36mbegin transaction[0m
  [1m[36mUser Exists (0.2ms)[0m  [1m[34mSELECT  1 AS one FROM "users" WHERE "users"."email" = ? LIMIT ?[0m  [["email", "redcard1016@yahoo.com"], ["LIMIT", 1]]
  [1m[35mSQL (0.5ms)[0m  [1m[32mINSERT INTO "users" ("email", "encrypted_password", "created_at", "updated_at") VALUES (?, ?, ?, ?)[0m  [["email", "redcard1016@yahoo.com"], ["encrypted_password", "$2a$11$/Y/FOIA67Njs9b9OZ05KZuvn4imEcmULRsMErH2isllzYl45mTyay"], ["created_at", "2017-07-04 20:00:07.404118"], ["updated_at", "2017-07-04 20:00:07.404118"]]
  [1m[35m (121.3ms)[0m  [1m[36mcommit transaction[0m
  [1m[35m (0.1ms)[0m  [1m[36mbegin transaction[0m
  [1m[35mSQL (0.3ms)[0m  [1m[33mUPDATE "users" SET "sign_in_count" = ?, "current_sign_in_at" = ?, "last_sign_in_at" = ?, "current_sign_in_ip" = ?, "last_sign_in_ip" = ?, "updated_at" = ? WHERE "users"."id" = ?[0m  [["sign_in_count", 1], ["current_sign_in_at", "2017-07-04 20:00:07.529625"], ["last_sign_in_at", "2017-07-04 20:00:07.529625"], ["current_sign_in_ip", "127.0.0.1"], ["last_sign_in_ip", "127.0.0.1"], ["updated_at", "2017-07-04 20:00:07.530773"], ["id", 1]]
  [1m[35m (95.5ms)[0m  [1m[36mcommit transaction[0m
Redirected to http://localhost:3000/
Completed 302 Found in 736ms (ActiveRecord: 218.4ms)


Started GET "/" for 127.0.0.1 at 2017-07-04 16:00:07 -0400
Processing by BooksController#index as HTML
  Rendering books/index.html.erb within layouts/application
  [1m[35m (0.2ms)[0m  [1m[34mSELECT COUNT(*) FROM "books"[0m
  Rendered books/index.html.erb within layouts/application (1.5ms)
  [1m[36mUser Load (0.3ms)[0m  [1m[34mSELECT  "users".* FROM "users" WHERE "users"."id" = ? ORDER BY "users"."id" ASC LIMIT ?[0m  [["id", 1], ["LIMIT", 1]]
  [1m[36mCategory Load (0.2ms)[0m  [1m[34mSELECT "categories".* FROM "categories"[0m
Completed 200 OK in 69ms (Views: 66.8ms | ActiveRecord: 0.6ms)


Started GET "/books/new" for 127.0.0.1 at 2017-07-04 16:00:12 -0400
Processing by BooksController#new as HTML
  [1m[36mUser Load (0.6ms)[0m  [1m[34mSELECT  "users".* FROM "users" WHERE "users"."id" = ? ORDER BY "users"."id" ASC LIMIT ?[0m  [["id", 1], ["LIMIT", 1]]
  [1m[36mCategory Load (0.4ms)[0m  [1m[34mSELECT "categories".* FROM "categories"[0m
  Rendering books/new.html.erb within layouts/application
  Rendered books/_form.html.erb (14.0ms)
  Rendered books/new.html.erb within layouts/application (16.1ms)
  [1m[36mCACHE (0.0ms)[0m  [1m[34mSELECT "categories".* FROM "categories"[0m
Completed 200 OK in 145ms (Views: 84.8ms | ActiveRecord: 2.0ms)


  [1m[36mActiveRecord::SchemaMigration Load (0.2ms)[0m  [1m[34mSELECT "schema_migrations".* FROM "schema_migrations"[0m
Migrating to AddAttachmentBookImgToBooks (20170704203139)
  [1m[35m (0.1ms)[0m  [1m[36mbegin transaction[0m
DEPRECATION WARNING: Directly inheriting from ActiveRecord::Migration is deprecated. Please specify the Rails release the migration was written for:

  class AddAttachmentBookImgToBooks < ActiveRecord::Migration[4.2] (called from load at /home/iamth3walrus/.rbenv/versions/2.4.0/bin/rake:22)
  [1m[35m (0.4ms)[0m  [1m[35mALTER TABLE "books" ADD "book_img_file_name" varchar[0m
  [1m[35m (0.2ms)[0m  [1m[35mALTER TABLE "books" ADD "book_img_content_type" varchar[0m
  [1m[35m (0.2ms)[0m  [1m[35mALTER TABLE "books" ADD "book_img_file_size" integer[0m
  [1m[35m (0.2ms)[0m  [1m[35mALTER TABLE "books" ADD "book_img_updated_at" datetime[0m
  [1m[35mSQL (0.2ms)[0m  [1m[32mINSERT INTO "schema_migrations" ("version") VALUES (?)[0m  [["version", "20170704203139"]]
  [1m[35m (114.1ms)[0m  [1m[36mcommit transaction[0m
  [1m[36mActiveRecord::InternalMetadata Load (0.2ms)[0m  [1m[34mSELECT  "ar_internal_metadata".* FROM "ar_internal_metadata" WHERE "ar_internal_metadata"."key" = ? LIMIT ?[0m  [["key", "environment"], ["LIMIT", 1]]
  [1m[35m (0.1ms)[0m  [1m[36mbegin transaction[0m
  [1m[35m (0.1ms)[0m  [1m[36mcommit transaction[0m
  [1m[36mActiveRecord::SchemaMigration Load (0.2ms)[0m  [1m[34mSELECT "schema_migrations".* FROM "schema_migrations"[0m
  [1m[35m (0.1ms)[0m  [1m[34m            SELECT sql
            FROM sqlite_master
            WHERE name='index_users_on_reset_password_token' AND type='index'
            UNION ALL
            SELECT sql
            FROM sqlite_temp_master
            WHERE name='index_users_on_reset_password_token' AND type='index'
[0m
  [1m[35m (0.1ms)[0m  [1m[34m            SELECT sql
            FROM sqlite_master
            WHERE name='index_users_on_email' AND type='index'
            UNION ALL
            SELECT sql
            FROM sqlite_temp_master
            WHERE name='index_users_on_email' AND type='index'
[0m
Started GET "/books/new" for 127.0.0.1 at 2017-07-04 16:32:52 -0400
  [1m[36mActiveRecord::SchemaMigration Load (0.2ms)[0m  [1m[34mSELECT "schema_migrations".* FROM "schema_migrations"[0m
Processing by BooksController#new as HTML
  [1m[36mUser Load (0.3ms)[0m  [1m[34mSELECT  "users".* FROM "users" WHERE "users"."id" = ? ORDER BY "users"."id" ASC LIMIT ?[0m  [["id", 1], ["LIMIT", 1]]
  [1m[36mCategory Load (0.7ms)[0m  [1m[34mSELECT "categories".* FROM "categories"[0m
  Rendering books/new.html.erb within layouts/application
  Rendered books/_form.html.erb (89.7ms)
  Rendered books/new.html.erb within layouts/application (93.2ms)
  [1m[36mCACHE (0.0ms)[0m  [1m[34mSELECT "categories".* FROM "categories"[0m
Completed 200 OK in 518ms (Views: 425.9ms | ActiveRecord: 3.6ms)


Started POST "/books" for 127.0.0.1 at 2017-07-04 16:39:03 -0400
Processing by BooksController#create as HTML
  Parameters: {"utf8"=>"✓", "authenticity_token"=>"dVJfDV0dvW4PkUDAnNh7b77zn5QZswi16MZY64H0lO4i5JGlafCP4HNnfC8vcZ8f/qKgrXOLgGTNr36K2pORAA==", "category_id"=>"1", "book"=>{"book_img"=>#<ActionDispatch::Http::UploadedFile:0x007f71c421a2e0 @tempfile=#<Tempfile:/tmp/RackMultipart20170704-6462-t4fnhd.jpg>, @original_filename="hobbit.jpg", @content_type="image/jpeg", @headers="Content-Disposition: form-data; name=\"book[book_img]\"; filename=\"hobbit.jpg\"\r\nContent-Type: image/jpeg\r\n">, "title"=>"The Hobbit", "description"=>"Bilbo Baggins is a hobbit who enjoys a comfortable, unambitious life, rarely traveling any farther than his pantry or cellar. But his contentment is disturbed when the wizard Gandalf and a company of dwarves arrive on his doorstep one day to whisk him away on an adventure. They have launched a plot to raid the treasure hoard guarded by Smaug the Magnificent, a large and very dangerous dragon. Bilbo reluctantly joins their quest, unaware that on his journey to the Lonely Mountain he will encounter both a magic ring and a frightening creature known as Gollum.", "author"=>"J. R. R. Tolkien"}, "commit"=>"Create Book"}
  [1m[36mUser Load (0.2ms)[0m  [1m[34mSELECT  "users".* FROM "users" WHERE "users"."id" = ? ORDER BY "users"."id" ASC LIMIT ?[0m  [["id", 1], ["LIMIT", 1]]
Command :: PATH=/usr/bin/convert:$PATH; file -b --mime '/tmp/7baa6d93380e30bd4a30d83c977d505b20170704-6462-xxd1ew.jpg'
Command :: PATH=/usr/bin/convert:$PATH; identify -format '%wx%h,%[exif:orientation]' '/tmp/7baa6d93380e30bd4a30d83c977d505b20170704-6462-1ew5685.jpg[0]' 2>/dev/null
Command :: PATH=/usr/bin/convert:$PATH; identify -format %m '/tmp/7baa6d93380e30bd4a30d83c977d505b20170704-6462-1ew5685.jpg[0]'
Command :: PATH=/usr/bin/convert:$PATH; convert '/tmp/7baa6d93380e30bd4a30d83c977d505b20170704-6462-1ew5685.jpg[0]' -auto-orient -resize "250x350>" '/tmp/fabab9a9f34bffb21300f483c56b9b6820170704-6462-clhafm'
Command :: PATH=/usr/bin/convert:$PATH; identify -format '%wx%h,%[exif:orientation]' '/tmp/7baa6d93380e30bd4a30d83c977d505b20170704-6462-1ew5685.jpg[0]' 2>/dev/null
Command :: PATH=/usr/bin/convert:$PATH; identify -format %m '/tmp/7baa6d93380e30bd4a30d83c977d505b20170704-6462-1ew5685.jpg[0]'
Command :: PATH=/usr/bin/convert:$PATH; convert '/tmp/7baa6d93380e30bd4a30d83c977d505b20170704-6462-1ew5685.jpg[0]' -auto-orient -resize "325x475>" '/tmp/fabab9a9f34bffb21300f483c56b9b6820170704-6462-w8yo6e'
  [1m[35m (0.2ms)[0m  [1m[36mbegin transaction[0m
  [1m[36mCategory Load (0.2ms)[0m  [1m[34mSELECT  "categories".* FROM "categories" WHERE "categories"."id" = ? LIMIT ?[0m  [["id", 1], ["LIMIT", 1]]
Command :: PATH=/usr/bin/convert:$PATH; file -b --mime '/tmp/7baa6d93380e30bd4a30d83c977d505b20170704-6462-1vo7ydl.jpg'
  [1m[35mSQL (0.4ms)[0m  [1m[32mINSERT INTO "books" ("title", "description", "author", "created_at", "updated_at", "user_id", "category_id", "book_img_file_name", "book_img_content_type", "book_img_file_size", "book_img_updated_at") VALUES (?, ?, ?, ?, ?, ?, ?, ?, ?, ?, ?)[0m  [["title", "The Hobbit"], ["description", "Bilbo Baggins is a hobbit who enjoys a comfortable, unambitious life, rarely traveling any farther than his pantry or cellar. But his contentment is disturbed when the wizard Gandalf and a company of dwarves arrive on his doorstep one day to whisk him away on an adventure. They have launched a plot to raid the treasure hoard guarded by Smaug the Magnificent, a large and very dangerous dragon. Bilbo reluctantly joins their quest, unaware that on his journey to the Lonely Mountain he will encounter both a magic ring and a frightening creature known as Gollum."], ["author", "J. R. R. Tolkien"], ["created_at", "2017-07-04 20:39:04.361622"], ["updated_at", "2017-07-04 20:39:04.361622"], ["user_id", 1], ["category_id", 1], ["book_img_file_name", "hobbit.jpg"], ["book_img_content_type", "image/jpeg"], ["book_img_file_size", 32212], ["book_img_updated_at", "2017-07-04 20:39:03.858182"]]
  [1m[35m (103.0ms)[0m  [1m[36mcommit transaction[0m
Redirected to http://localhost:3000/
Completed 302 Found in 696ms (ActiveRecord: 107.9ms)


Started GET "/" for 127.0.0.1 at 2017-07-04 16:39:04 -0400
Processing by BooksController#index as HTML
  Rendering books/index.html.erb within layouts/application
  [1m[35m (0.3ms)[0m  [1m[34mSELECT COUNT(*) FROM "books"[0m
  [1m[36mBook Load (0.2ms)[0m  [1m[34mSELECT "books".* FROM "books" ORDER BY created_at DESC[0m
  Rendered books/index.html.erb within layouts/application (2.8ms)
  [1m[36mUser Load (0.3ms)[0m  [1m[34mSELECT  "users".* FROM "users" WHERE "users"."id" = ? ORDER BY "users"."id" ASC LIMIT ?[0m  [["id", 1], ["LIMIT", 1]]
  [1m[36mCategory Load (0.2ms)[0m  [1m[34mSELECT "categories".* FROM "categories"[0m
Completed 200 OK in 78ms (Views: 73.4ms | ActiveRecord: 0.9ms)


Started GET "/books/1" for 127.0.0.1 at 2017-07-04 16:39:09 -0400
Processing by BooksController#show as HTML
  Parameters: {"id"=>"1"}
  [1m[36mBook Load (0.3ms)[0m  [1m[34mSELECT  "books".* FROM "books" WHERE "books"."id" = ? LIMIT ?[0m  [["id", 1], ["LIMIT", 1]]
  Rendering books/show.html.erb within layouts/application
  [1m[36mUser Load (0.3ms)[0m  [1m[34mSELECT  "users".* FROM "users" WHERE "users"."id" = ? ORDER BY "users"."id" ASC LIMIT ?[0m  [["id", 1], ["LIMIT", 1]]
  Rendered books/show.html.erb within layouts/application (9.5ms)
  [1m[36mCategory Load (0.2ms)[0m  [1m[34mSELECT "categories".* FROM "categories"[0m
Completed 200 OK in 117ms (Views: 113.6ms | ActiveRecord: 0.7ms)


Started GET "/books/1/edit" for 127.0.0.1 at 2017-07-04 16:39:49 -0400
Processing by BooksController#edit as HTML
  Parameters: {"id"=>"1"}
  [1m[36mBook Load (0.3ms)[0m  [1m[34mSELECT  "books".* FROM "books" WHERE "books"."id" = ? LIMIT ?[0m  [["id", 1], ["LIMIT", 1]]
  [1m[36mCategory Load (0.2ms)[0m  [1m[34mSELECT "categories".* FROM "categories"[0m
  Rendering books/edit.html.erb within layouts/application
  Rendered books/edit.html.erb within layouts/application (16.1ms)
  [1m[36mUser Load (0.3ms)[0m  [1m[34mSELECT  "users".* FROM "users" WHERE "users"."id" = ? ORDER BY "users"."id" ASC LIMIT ?[0m  [["id", 1], ["LIMIT", 1]]
  [1m[36mCACHE (0.0ms)[0m  [1m[34mSELECT "categories".* FROM "categories"[0m
Completed 200 OK in 124ms (Views: 119.0ms | ActiveRecord: 0.8ms)


Started PATCH "/books/1" for 127.0.0.1 at 2017-07-04 16:39:57 -0400
Processing by BooksController#update as HTML
  Parameters: {"utf8"=>"✓", "authenticity_token"=>"oAYrzBkIdRFAXgVaCbcbFOy0hbaNIl2AJEGrTzYn0yDSFfao26mPnRLHQZ6O46NmNILb6US3cAO8ZglRBqGj1g==", "book"=>{"category_id"=>"1", "book_img"=>#<ActionDispatch::Http::UploadedFile:0x007f71c00ae4c8 @tempfile=#<Tempfile:/tmp/RackMultipart20170704-6462-1ovvtai.jpg>, @original_filename="hobbit.jpg", @content_type="image/jpeg", @headers="Content-Disposition: form-data; name=\"book[book_img]\"; filename=\"hobbit.jpg\"\r\nContent-Type: image/jpeg\r\n">, "title"=>"The Hobbit", "description"=>"Bilbo Baggins is a hobbit who enjoys a comfortable, unambitious life, rarely traveling any farther than his pantry or cellar. But his contentment is disturbed when the wizard Gandalf and a company of dwarves arrive on his doorstep one day to whisk him away on an adventure. They have launched a plot to raid the treasure hoard guarded by Smaug the Magnificent, a large and very dangerous dragon. Bilbo reluctantly joins their quest, unaware that on his journey to the Lonely Mountain he will encounter both a magic ring and a frightening creature known as Gollum.", "author"=>"J. R. R. Tolkien"}, "commit"=>"Update Book", "id"=>"1"}
  [1m[36mBook Load (0.1ms)[0m  [1m[34mSELECT  "books".* FROM "books" WHERE "books"."id" = ? LIMIT ?[0m  [["id", 1], ["LIMIT", 1]]
  [1m[35m (0.1ms)[0m  [1m[36mbegin transaction[0m
Command :: PATH=/usr/bin/convert:$PATH; file -b --mime '/tmp/7baa6d93380e30bd4a30d83c977d505b20170704-6462-srsr5o.jpg'
Command :: PATH=/usr/bin/convert:$PATH; identify -format '%wx%h,%[exif:orientation]' '/tmp/7baa6d93380e30bd4a30d83c977d505b20170704-6462-11j60kn.jpg[0]' 2>/dev/null
Command :: PATH=/usr/bin/convert:$PATH; identify -format %m '/tmp/7baa6d93380e30bd4a30d83c977d505b20170704-6462-11j60kn.jpg[0]'
Command :: PATH=/usr/bin/convert:$PATH; convert '/tmp/7baa6d93380e30bd4a30d83c977d505b20170704-6462-11j60kn.jpg[0]' -auto-orient -resize "250x350>" '/tmp/672a787cceb2d90472226d486496da1920170704-6462-v25d8h'
Command :: PATH=/usr/bin/convert:$PATH; identify -format '%wx%h,%[exif:orientation]' '/tmp/7baa6d93380e30bd4a30d83c977d505b20170704-6462-11j60kn.jpg[0]' 2>/dev/null
Command :: PATH=/usr/bin/convert:$PATH; identify -format %m '/tmp/7baa6d93380e30bd4a30d83c977d505b20170704-6462-11j60kn.jpg[0]'
Command :: PATH=/usr/bin/convert:$PATH; convert '/tmp/7baa6d93380e30bd4a30d83c977d505b20170704-6462-11j60kn.jpg[0]' -auto-orient -resize "325x475>" '/tmp/672a787cceb2d90472226d486496da1920170704-6462-1kibqyv'
  [1m[36mUser Load (0.2ms)[0m  [1m[34mSELECT  "users".* FROM "users" WHERE "users"."id" = ? LIMIT ?[0m  [["id", 1], ["LIMIT", 1]]
  [1m[36mCategory Load (0.1ms)[0m  [1m[34mSELECT  "categories".* FROM "categories" WHERE "categories"."id" = ? LIMIT ?[0m  [["id", 1], ["LIMIT", 1]]
Command :: PATH=/usr/bin/convert:$PATH; file -b --mime '/tmp/7baa6d93380e30bd4a30d83c977d505b20170704-6462-1dh85ft.jpg'
  [1m[35mSQL (5.0ms)[0m  [1m[33mUPDATE "books" SET "book_img_updated_at" = ?, "updated_at" = ?, "book_img_file_name" = ? WHERE "books"."id" = ?[0m  [["book_img_updated_at", "2017-07-04 20:39:57.633310"], ["updated_at", "2017-07-04 20:39:57.752971"], ["book_img_file_name", "hobbit.jpg"], ["id", 1]]
[paperclip] deleting /home/iamth3walrus/Documents/bookReviewApp/public/system/books/book_imgs/000/000/001/original/hobbit.jpg
[paperclip] deleting /home/iamth3walrus/Documents/bookReviewApp/public/system/books/book_imgs/000/000/001/book_index/hobbit.jpg
[paperclip] deleting /home/iamth3walrus/Documents/bookReviewApp/public/system/books/book_imgs/000/000/001/book_show/hobbit.jpg
  [1m[35m (88.9ms)[0m  [1m[36mcommit transaction[0m
Redirected to http://localhost:3000/books/1
Completed 302 Found in 233ms (ActiveRecord: 94.4ms)


Started GET "/books/1" for 127.0.0.1 at 2017-07-04 16:39:57 -0400
Processing by BooksController#show as HTML
  Parameters: {"id"=>"1"}
  [1m[36mBook Load (0.2ms)[0m  [1m[34mSELECT  "books".* FROM "books" WHERE "books"."id" = ? LIMIT ?[0m  [["id", 1], ["LIMIT", 1]]
  Rendering books/show.html.erb within layouts/application
  [1m[36mUser Load (0.3ms)[0m  [1m[34mSELECT  "users".* FROM "users" WHERE "users"."id" = ? ORDER BY "users"."id" ASC LIMIT ?[0m  [["id", 1], ["LIMIT", 1]]
  Rendered books/show.html.erb within layouts/application (3.1ms)
  [1m[36mCategory Load (0.2ms)[0m  [1m[34mSELECT "categories".* FROM "categories"[0m
Completed 200 OK in 70ms (Views: 66.6ms | ActiveRecord: 0.7ms)


Started GET "/books/1" for 127.0.0.1 at 2017-07-04 16:43:15 -0400
Processing by BooksController#show as HTML
  Parameters: {"id"=>"1"}
  [1m[36mBook Load (0.1ms)[0m  [1m[34mSELECT  "books".* FROM "books" WHERE "books"."id" = ? LIMIT ?[0m  [["id", 1], ["LIMIT", 1]]
  Rendering books/show.html.erb within layouts/application
  [1m[36mUser Load (0.3ms)[0m  [1m[34mSELECT  "users".* FROM "users" WHERE "users"."id" = ? ORDER BY "users"."id" ASC LIMIT ?[0m  [["id", 1], ["LIMIT", 1]]
  Rendered books/show.html.erb within layouts/application (2.7ms)
  [1m[36mCategory Load (0.2ms)[0m  [1m[34mSELECT "categories".* FROM "categories"[0m
Completed 200 OK in 68ms (Views: 65.6ms | ActiveRecord: 0.6ms)


Started GET "/" for 127.0.0.1 at 2017-07-04 16:44:50 -0400
Processing by BooksController#index as HTML
  Rendering books/index.html.erb within layouts/application
  [1m[35m (0.6ms)[0m  [1m[34mSELECT COUNT(*) FROM "books"[0m
  [1m[36mBook Load (0.2ms)[0m  [1m[34mSELECT "books".* FROM "books" ORDER BY created_at DESC[0m
  Rendered books/index.html.erb within layouts/application (3.8ms)
  [1m[36mUser Load (0.3ms)[0m  [1m[34mSELECT  "users".* FROM "users" WHERE "users"."id" = ? ORDER BY "users"."id" ASC LIMIT ?[0m  [["id", 1], ["LIMIT", 1]]
  [1m[36mCategory Load (0.2ms)[0m  [1m[34mSELECT "categories".* FROM "categories"[0m
Completed 200 OK in 77ms (Views: 74.5ms | ActiveRecord: 1.2ms)


Started GET "/books/1" for 127.0.0.1 at 2017-07-04 16:44:57 -0400
Processing by BooksController#show as HTML
  Parameters: {"id"=>"1"}
  [1m[36mBook Load (0.5ms)[0m  [1m[34mSELECT  "books".* FROM "books" WHERE "books"."id" = ? LIMIT ?[0m  [["id", 1], ["LIMIT", 1]]
  Rendering books/show.html.erb within layouts/application
  [1m[36mUser Load (0.3ms)[0m  [1m[34mSELECT  "users".* FROM "users" WHERE "users"."id" = ? ORDER BY "users"."id" ASC LIMIT ?[0m  [["id", 1], ["LIMIT", 1]]
  Rendered books/show.html.erb within layouts/application (3.1ms)
  [1m[36mCategory Load (0.2ms)[0m  [1m[34mSELECT "categories".* FROM "categories"[0m
Completed 200 OK in 78ms (Views: 74.8ms | ActiveRecord: 1.0ms)


Started GET "/" for 127.0.0.1 at 2017-07-04 16:46:05 -0400
Processing by BooksController#index as HTML
  Rendering books/index.html.erb within layouts/application
  [1m[35m (0.4ms)[0m  [1m[34mSELECT COUNT(*) FROM "books"[0m
  [1m[36mBook Load (0.3ms)[0m  [1m[34mSELECT "books".* FROM "books" ORDER BY created_at DESC[0m
  Rendered books/index.html.erb within layouts/application (4.0ms)
  [1m[36mUser Load (0.2ms)[0m  [1m[34mSELECT  "users".* FROM "users" WHERE "users"."id" = ? ORDER BY "users"."id" ASC LIMIT ?[0m  [["id", 1], ["LIMIT", 1]]
  [1m[36mCategory Load (0.2ms)[0m  [1m[34mSELECT "categories".* FROM "categories"[0m
Completed 200 OK in 82ms (Views: 79.6ms | ActiveRecord: 1.1ms)


Started GET "/" for 127.0.0.1 at 2017-07-04 16:49:08 -0400
Processing by BooksController#index as HTML
  Rendering books/index.html.erb within layouts/application
  [1m[35m (0.2ms)[0m  [1m[34mSELECT COUNT(*) FROM "books"[0m
  [1m[36mBook Load (1.6ms)[0m  [1m[34mSELECT "books".* FROM "books" ORDER BY created_at DESC[0m
  Rendered books/index.html.erb within layouts/application (5.1ms)
  [1m[36mUser Load (0.2ms)[0m  [1m[34mSELECT  "users".* FROM "users" WHERE "users"."id" = ? ORDER BY "users"."id" ASC LIMIT ?[0m  [["id", 1], ["LIMIT", 1]]
  [1m[36mCategory Load (0.2ms)[0m  [1m[34mSELECT "categories".* FROM "categories"[0m
Completed 200 OK in 81ms (Views: 77.0ms | ActiveRecord: 2.2ms)


Started GET "/" for 127.0.0.1 at 2017-07-04 17:01:01 -0400
Processing by BooksController#index as HTML
  Rendering books/index.html.erb within layouts/application
  [1m[35m (0.2ms)[0m  [1m[34mSELECT COUNT(*) FROM "books"[0m
  [1m[36mBook Load (0.2ms)[0m  [1m[34mSELECT "books".* FROM "books" ORDER BY created_at DESC[0m
  Rendered books/index.html.erb within layouts/application (3.1ms)
  [1m[36mUser Load (0.2ms)[0m  [1m[34mSELECT  "users".* FROM "users" WHERE "users"."id" = ? ORDER BY "users"."id" ASC LIMIT ?[0m  [["id", 1], ["LIMIT", 1]]
  [1m[36mCategory Load (0.2ms)[0m  [1m[34mSELECT "categories".* FROM "categories"[0m
Completed 200 OK in 2037ms (Views: 2035.1ms | ActiveRecord: 0.8ms)


Started GET "/books/1" for 127.0.0.1 at 2017-07-04 17:05:09 -0400
Processing by BooksController#show as HTML
  Parameters: {"id"=>"1"}
  [1m[36mBook Load (0.2ms)[0m  [1m[34mSELECT  "books".* FROM "books" WHERE "books"."id" = ? LIMIT ?[0m  [["id", 1], ["LIMIT", 1]]
  Rendering books/show.html.erb within layouts/application
  [1m[36mUser Load (0.2ms)[0m  [1m[34mSELECT  "users".* FROM "users" WHERE "users"."id" = ? ORDER BY "users"."id" ASC LIMIT ?[0m  [["id", 1], ["LIMIT", 1]]
  Rendered books/show.html.erb within layouts/application (7.6ms)
  [1m[36mCategory Load (0.2ms)[0m  [1m[34mSELECT "categories".* FROM "categories"[0m
Completed 200 OK in 1779ms (Views: 1776.5ms | ActiveRecord: 0.7ms)


Started GET "/books/1" for 127.0.0.1 at 2017-07-04 17:06:45 -0400
Processing by BooksController#show as HTML
  Parameters: {"id"=>"1"}
  [1m[36mBook Load (0.3ms)[0m  [1m[34mSELECT  "books".* FROM "books" WHERE "books"."id" = ? LIMIT ?[0m  [["id", 1], ["LIMIT", 1]]
  Rendering books/show.html.erb within layouts/application
  Rendered books/show.html.erb within layouts/application (15.8ms)
Completed 500 Internal Server Error in 24ms (ActiveRecord: 0.3ms)


  
ActionView::Template::Error (undefined method `reviews' for #<Book:0x007f71c50d0c30>):
    14: 			<h3 class="book-author"><span>From</span> <%= @book.author %></h3>
    15: 			<h2 class="avg-rating">Average Rating</h2>
    16: 			<div class="average-review-rating" data-score=<%= @average_review %>></div>
    17: 			<span class="number-of-reviews">Based on <%= @book.reviews.count %> reviews</span>
    18: 			<p class="book-desc"><%= @book.description %></p>
    19: 
    20: 		</div>
  
app/views/books/show.html.erb:17:in `_app_views_books_show_html_erb__255080923220264331_70063306930720'
  Rendering /home/iamth3walrus/.rbenv/versions/2.4.0/lib/ruby/gems/2.4.0/gems/actionpack-5.0.4/lib/action_dispatch/middleware/templates/rescues/template_error.html.erb within rescues/layout
  Rendering /home/iamth3walrus/.rbenv/versions/2.4.0/lib/ruby/gems/2.4.0/gems/actionpack-5.0.4/lib/action_dispatch/middleware/templates/rescues/_source.html.erb
  Rendered /home/iamth3walrus/.rbenv/versions/2.4.0/lib/ruby/gems/2.4.0/gems/actionpack-5.0.4/lib/action_dispatch/middleware/templates/rescues/_source.html.erb (18.6ms)
  Rendering /home/iamth3walrus/.rbenv/versions/2.4.0/lib/ruby/gems/2.4.0/gems/actionpack-5.0.4/lib/action_dispatch/middleware/templates/rescues/_trace.html.erb
  Rendered /home/iamth3walrus/.rbenv/versions/2.4.0/lib/ruby/gems/2.4.0/gems/actionpack-5.0.4/lib/action_dispatch/middleware/templates/rescues/_trace.html.erb (10.3ms)
  Rendering /home/iamth3walrus/.rbenv/versions/2.4.0/lib/ruby/gems/2.4.0/gems/actionpack-5.0.4/lib/action_dispatch/middleware/templates/rescues/_request_and_response.html.erb
  Rendered /home/iamth3walrus/.rbenv/versions/2.4.0/lib/ruby/gems/2.4.0/gems/actionpack-5.0.4/lib/action_dispatch/middleware/templates/rescues/_request_and_response.html.erb (1.6ms)
  Rendered /home/iamth3walrus/.rbenv/versions/2.4.0/lib/ruby/gems/2.4.0/gems/actionpack-5.0.4/lib/action_dispatch/middleware/templates/rescues/template_error.html.erb within rescues/layout (59.5ms)
Started GET "/books/1" for 127.0.0.1 at 2017-07-04 17:08:05 -0400
Processing by BooksController#show as HTML
  Parameters: {"id"=>"1"}
  [1m[36mBook Load (0.5ms)[0m  [1m[34mSELECT  "books".* FROM "books" WHERE "books"."id" = ? LIMIT ?[0m  [["id", 1], ["LIMIT", 1]]
  Rendering books/show.html.erb within layouts/application
  Rendered books/show.html.erb within layouts/application (21.0ms)
Completed 500 Internal Server Error in 27ms (ActiveRecord: 0.5ms)


  
ActionView::Template::Error (undefined method `reviews' for #<Book:0x007f71c57e2690>):
    28: 
    29: 			<!-- Where the reviews/ratings will go -->
    30: 			<h1>Reviews</h1>
    31: 			<%= render @book.reviews %>
    32: 
    33: 			<div>
    34: 				<%= link_to "Add Review", new_book_review_path(@book), class: "btn-custom" %>
  
app/views/books/show.html.erb:31:in `_app_views_books_show_html_erb__255080923220264331_70063310673280'
  Rendering /home/iamth3walrus/.rbenv/versions/2.4.0/lib/ruby/gems/2.4.0/gems/actionpack-5.0.4/lib/action_dispatch/middleware/templates/rescues/template_error.html.erb within rescues/layout
  Rendering /home/iamth3walrus/.rbenv/versions/2.4.0/lib/ruby/gems/2.4.0/gems/actionpack-5.0.4/lib/action_dispatch/middleware/templates/rescues/_source.html.erb
  Rendered /home/iamth3walrus/.rbenv/versions/2.4.0/lib/ruby/gems/2.4.0/gems/actionpack-5.0.4/lib/action_dispatch/middleware/templates/rescues/_source.html.erb (8.1ms)
  Rendering /home/iamth3walrus/.rbenv/versions/2.4.0/lib/ruby/gems/2.4.0/gems/actionpack-5.0.4/lib/action_dispatch/middleware/templates/rescues/_trace.html.erb
  Rendered /home/iamth3walrus/.rbenv/versions/2.4.0/lib/ruby/gems/2.4.0/gems/actionpack-5.0.4/lib/action_dispatch/middleware/templates/rescues/_trace.html.erb (3.0ms)
  Rendering /home/iamth3walrus/.rbenv/versions/2.4.0/lib/ruby/gems/2.4.0/gems/actionpack-5.0.4/lib/action_dispatch/middleware/templates/rescues/_request_and_response.html.erb
  Rendered /home/iamth3walrus/.rbenv/versions/2.4.0/lib/ruby/gems/2.4.0/gems/actionpack-5.0.4/lib/action_dispatch/middleware/templates/rescues/_request_and_response.html.erb (1.1ms)
  Rendered /home/iamth3walrus/.rbenv/versions/2.4.0/lib/ruby/gems/2.4.0/gems/actionpack-5.0.4/lib/action_dispatch/middleware/templates/rescues/template_error.html.erb within rescues/layout (34.7ms)
Started GET "/books/1" for 127.0.0.1 at 2017-07-04 17:08:28 -0400
Processing by BooksController#show as HTML
  Parameters: {"id"=>"1"}
  [1m[36mBook Load (0.3ms)[0m  [1m[34mSELECT  "books".* FROM "books" WHERE "books"."id" = ? LIMIT ?[0m  [["id", 1], ["LIMIT", 1]]
  Rendering books/show.html.erb within layouts/application
  Rendered books/show.html.erb within layouts/application (188.4ms)
Completed 500 Internal Server Error in 193ms (ActiveRecord: 0.3ms)


  
ActionView::Template::Error (undefined method `new_book_review_path' for #<#<Class:0x007f71c604c650>:0x007f71b92b49b8>
Did you mean?  new_book_path):
    31: 			
    32: 
    33: 			<div>
    34: 				<%= link_to "Add Review", new_book_review_path(@book), class: "btn-custom" %>
    35: 			</div>
    36: 
    37: 		</div>
  
app/views/books/show.html.erb:34:in `_app_views_books_show_html_erb__255080923220264331_70063207328240'
  Rendering /home/iamth3walrus/.rbenv/versions/2.4.0/lib/ruby/gems/2.4.0/gems/actionpack-5.0.4/lib/action_dispatch/middleware/templates/rescues/template_error.html.erb within rescues/layout
  Rendering /home/iamth3walrus/.rbenv/versions/2.4.0/lib/ruby/gems/2.4.0/gems/actionpack-5.0.4/lib/action_dispatch/middleware/templates/rescues/_source.html.erb
  Rendered /home/iamth3walrus/.rbenv/versions/2.4.0/lib/ruby/gems/2.4.0/gems/actionpack-5.0.4/lib/action_dispatch/middleware/templates/rescues/_source.html.erb (8.6ms)
  Rendering /home/iamth3walrus/.rbenv/versions/2.4.0/lib/ruby/gems/2.4.0/gems/actionpack-5.0.4/lib/action_dispatch/middleware/templates/rescues/_trace.html.erb
  Rendered /home/iamth3walrus/.rbenv/versions/2.4.0/lib/ruby/gems/2.4.0/gems/actionpack-5.0.4/lib/action_dispatch/middleware/templates/rescues/_trace.html.erb (3.0ms)
  Rendering /home/iamth3walrus/.rbenv/versions/2.4.0/lib/ruby/gems/2.4.0/gems/actionpack-5.0.4/lib/action_dispatch/middleware/templates/rescues/_request_and_response.html.erb
  Rendered /home/iamth3walrus/.rbenv/versions/2.4.0/lib/ruby/gems/2.4.0/gems/actionpack-5.0.4/lib/action_dispatch/middleware/templates/rescues/_request_and_response.html.erb (1.1ms)
  Rendered /home/iamth3walrus/.rbenv/versions/2.4.0/lib/ruby/gems/2.4.0/gems/actionpack-5.0.4/lib/action_dispatch/middleware/templates/rescues/template_error.html.erb within rescues/layout (35.4ms)
Started GET "/books/1" for 127.0.0.1 at 2017-07-04 17:08:55 -0400
Processing by BooksController#show as HTML
  Parameters: {"id"=>"1"}
  [1m[36mBook Load (0.1ms)[0m  [1m[34mSELECT  "books".* FROM "books" WHERE "books"."id" = ? LIMIT ?[0m  [["id", 1], ["LIMIT", 1]]
  Rendering books/show.html.erb within layouts/application
  [1m[36mUser Load (0.2ms)[0m  [1m[34mSELECT  "users".* FROM "users" WHERE "users"."id" = ? ORDER BY "users"."id" ASC LIMIT ?[0m  [["id", 1], ["LIMIT", 1]]
  Rendered books/show.html.erb within layouts/application (3.3ms)
  [1m[36mCategory Load (0.2ms)[0m  [1m[34mSELECT "categories".* FROM "categories"[0m
Completed 200 OK in 64ms (Views: 62.0ms | ActiveRecord: 0.6ms)


Started GET "/" for 127.0.0.1 at 2017-07-04 17:11:34 -0400
Processing by BooksController#index as HTML
  Rendering books/index.html.erb within layouts/application
  [1m[35m (0.2ms)[0m  [1m[34mSELECT COUNT(*) FROM "books"[0m
  [1m[36mBook Load (0.3ms)[0m  [1m[34mSELECT "books".* FROM "books" ORDER BY created_at DESC[0m
  Rendered books/index.html.erb within layouts/application (3.2ms)
  [1m[36mUser Load (0.2ms)[0m  [1m[34mSELECT  "users".* FROM "users" WHERE "users"."id" = ? ORDER BY "users"."id" ASC LIMIT ?[0m  [["id", 1], ["LIMIT", 1]]
  [1m[36mCategory Load (0.2ms)[0m  [1m[34mSELECT "categories".* FROM "categories"[0m
Completed 200 OK in 64ms (Views: 62.5ms | ActiveRecord: 0.9ms)


Started GET "/" for 127.0.0.1 at 2017-07-05 14:28:26 -0400
  [1m[36mActiveRecord::SchemaMigration Load (0.3ms)[0m  [1m[34mSELECT "schema_migrations".* FROM "schema_migrations"[0m
Processing by BooksController#index as HTML
  Rendering books/index.html.erb within layouts/application
  [1m[35m (0.8ms)[0m  [1m[34mSELECT COUNT(*) FROM "books"[0m
  [1m[36mBook Load (0.3ms)[0m  [1m[34mSELECT "books".* FROM "books" ORDER BY created_at DESC[0m
  Rendered books/index.html.erb within layouts/application (49.6ms)
  [1m[36mCategory Load (0.2ms)[0m  [1m[34mSELECT "categories".* FROM "categories"[0m
Completed 200 OK in 935ms (Views: 873.8ms | ActiveRecord: 3.0ms)


  [1m[36mActiveRecord::SchemaMigration Load (0.2ms)[0m  [1m[34mSELECT "schema_migrations".* FROM "schema_migrations"[0m
Migrating to CreateReviews (20170705183532)
  [1m[35m (0.1ms)[0m  [1m[36mbegin transaction[0m
  [1m[35m (0.5ms)[0m  [1m[35mCREATE TABLE "reviews" ("id" INTEGER PRIMARY KEY AUTOINCREMENT NOT NULL, "rating" integer, "comment" text, "created_at" datetime NOT NULL, "updated_at" datetime NOT NULL)[0m
  [1m[35mSQL (0.3ms)[0m  [1m[32mINSERT INTO "schema_migrations" ("version") VALUES (?)[0m  [["version", "20170705183532"]]
  [1m[35m (174.7ms)[0m  [1m[36mcommit transaction[0m
  [1m[36mActiveRecord::InternalMetadata Load (0.5ms)[0m  [1m[34mSELECT  "ar_internal_metadata".* FROM "ar_internal_metadata" WHERE "ar_internal_metadata"."key" = ? LIMIT ?[0m  [["key", "environment"], ["LIMIT", 1]]
  [1m[35m (0.1ms)[0m  [1m[36mbegin transaction[0m
  [1m[35m (0.1ms)[0m  [1m[36mcommit transaction[0m
  [1m[36mActiveRecord::SchemaMigration Load (0.2ms)[0m  [1m[34mSELECT "schema_migrations".* FROM "schema_migrations"[0m
  [1m[35m (0.1ms)[0m  [1m[34m            SELECT sql
            FROM sqlite_master
            WHERE name='index_users_on_reset_password_token' AND type='index'
            UNION ALL
            SELECT sql
            FROM sqlite_temp_master
            WHERE name='index_users_on_reset_password_token' AND type='index'
[0m
  [1m[35m (0.1ms)[0m  [1m[34m            SELECT sql
            FROM sqlite_master
            WHERE name='index_users_on_email' AND type='index'
            UNION ALL
            SELECT sql
            FROM sqlite_temp_master
            WHERE name='index_users_on_email' AND type='index'
[0m
Started GET "/" for 127.0.0.1 at 2017-07-05 15:08:48 -0400
  [1m[36mActiveRecord::SchemaMigration Load (0.4ms)[0m  [1m[34mSELECT "schema_migrations".* FROM "schema_migrations"[0m
  
ActiveRecord::PendingMigrationError (

Migrations are pending. To resolve this issue, run:

        bin/rails db:migrate RAILS_ENV=development

):
  
activerecord (5.0.4) lib/active_record/migration.rb:573:in `check_pending!'
activerecord (5.0.4) lib/active_record/migration.rb:549:in `call'
actionpack (5.0.4) lib/action_dispatch/middleware/callbacks.rb:38:in `block in call'
activesupport (5.0.4) lib/active_support/callbacks.rb:97:in `__run_callbacks__'
activesupport (5.0.4) lib/active_support/callbacks.rb:750:in `_run_call_callbacks'
activesupport (5.0.4) lib/active_support/callbacks.rb:90:in `run_callbacks'
actionpack (5.0.4) lib/action_dispatch/middleware/callbacks.rb:36:in `call'
actionpack (5.0.4) lib/action_dispatch/middleware/executor.rb:12:in `call'
actionpack (5.0.4) lib/action_dispatch/middleware/remote_ip.rb:79:in `call'
actionpack (5.0.4) lib/action_dispatch/middleware/debug_exceptions.rb:49:in `call'
web-console (3.5.1) lib/web_console/middleware.rb:135:in `call_app'
web-console (3.5.1) lib/web_console/middleware.rb:28:in `block in call'
web-console (3.5.1) lib/web_console/middleware.rb:18:in `catch'
web-console (3.5.1) lib/web_console/middleware.rb:18:in `call'
actionpack (5.0.4) lib/action_dispatch/middleware/show_exceptions.rb:31:in `call'
railties (5.0.4) lib/rails/rack/logger.rb:36:in `call_app'
railties (5.0.4) lib/rails/rack/logger.rb:24:in `block in call'
activesupport (5.0.4) lib/active_support/tagged_logging.rb:69:in `block in tagged'
activesupport (5.0.4) lib/active_support/tagged_logging.rb:26:in `tagged'
activesupport (5.0.4) lib/active_support/tagged_logging.rb:69:in `tagged'
railties (5.0.4) lib/rails/rack/logger.rb:24:in `call'
sprockets-rails (3.2.0) lib/sprockets/rails/quiet_assets.rb:13:in `call'
actionpack (5.0.4) lib/action_dispatch/middleware/request_id.rb:24:in `call'
rack (2.0.3) lib/rack/method_override.rb:22:in `call'
rack (2.0.3) lib/rack/runtime.rb:22:in `call'
activesupport (5.0.4) lib/active_support/cache/strategy/local_cache_middleware.rb:28:in `call'
actionpack (5.0.4) lib/action_dispatch/middleware/executor.rb:12:in `call'
actionpack (5.0.4) lib/action_dispatch/middleware/static.rb:136:in `call'
rack (2.0.3) lib/rack/sendfile.rb:111:in `call'
railties (5.0.4) lib/rails/engine.rb:522:in `call'
puma (3.9.1) lib/puma/configuration.rb:224:in `call'
puma (3.9.1) lib/puma/server.rb:602:in `handle_request'
puma (3.9.1) lib/puma/server.rb:435:in `process_client'
puma (3.9.1) lib/puma/server.rb:299:in `block in run'
puma (3.9.1) lib/puma/thread_pool.rb:120:in `block in spawn_thread'
  Rendering /home/iamth3walrus/.rbenv/versions/2.4.0/lib/ruby/gems/2.4.0/gems/actionpack-5.0.4/lib/action_dispatch/middleware/templates/rescues/diagnostics.html.erb within rescues/layout
  Rendering /home/iamth3walrus/.rbenv/versions/2.4.0/lib/ruby/gems/2.4.0/gems/actionpack-5.0.4/lib/action_dispatch/middleware/templates/rescues/_source.html.erb
  Rendered /home/iamth3walrus/.rbenv/versions/2.4.0/lib/ruby/gems/2.4.0/gems/actionpack-5.0.4/lib/action_dispatch/middleware/templates/rescues/_source.html.erb (3.8ms)
  Rendering /home/iamth3walrus/.rbenv/versions/2.4.0/lib/ruby/gems/2.4.0/gems/actionpack-5.0.4/lib/action_dispatch/middleware/templates/rescues/_trace.html.erb
  Rendered /home/iamth3walrus/.rbenv/versions/2.4.0/lib/ruby/gems/2.4.0/gems/actionpack-5.0.4/lib/action_dispatch/middleware/templates/rescues/_trace.html.erb (1.9ms)
  Rendering /home/iamth3walrus/.rbenv/versions/2.4.0/lib/ruby/gems/2.4.0/gems/actionpack-5.0.4/lib/action_dispatch/middleware/templates/rescues/_request_and_response.html.erb
  Rendered /home/iamth3walrus/.rbenv/versions/2.4.0/lib/ruby/gems/2.4.0/gems/actionpack-5.0.4/lib/action_dispatch/middleware/templates/rescues/_request_and_response.html.erb (1.0ms)
  Rendered /home/iamth3walrus/.rbenv/versions/2.4.0/lib/ruby/gems/2.4.0/gems/actionpack-5.0.4/lib/action_dispatch/middleware/templates/rescues/diagnostics.html.erb within rescues/layout (53.1ms)
  [1m[36mActiveRecord::SchemaMigration Load (0.2ms)[0m  [1m[34mSELECT "schema_migrations".* FROM "schema_migrations"[0m
Migrating to AddUserIdToReviews (20170705185120)
  [1m[35m (0.2ms)[0m  [1m[36mbegin transaction[0m
  [1m[35m (0.8ms)[0m  [1m[35mALTER TABLE "reviews" ADD "user_id" integer[0m
  [1m[35mSQL (0.4ms)[0m  [1m[32mINSERT INTO "schema_migrations" ("version") VALUES (?)[0m  [["version", "20170705185120"]]
  [1m[35m (86.7ms)[0m  [1m[36mcommit transaction[0m
  [1m[36mActiveRecord::InternalMetadata Load (0.2ms)[0m  [1m[34mSELECT  "ar_internal_metadata".* FROM "ar_internal_metadata" WHERE "ar_internal_metadata"."key" = ? LIMIT ?[0m  [["key", "environment"], ["LIMIT", 1]]
  [1m[35m (0.1ms)[0m  [1m[36mbegin transaction[0m
  [1m[35m (0.1ms)[0m  [1m[36mcommit transaction[0m
  [1m[36mActiveRecord::SchemaMigration Load (0.1ms)[0m  [1m[34mSELECT "schema_migrations".* FROM "schema_migrations"[0m
  [1m[35m (0.2ms)[0m  [1m[34m            SELECT sql
            FROM sqlite_master
            WHERE name='index_users_on_reset_password_token' AND type='index'
            UNION ALL
            SELECT sql
            FROM sqlite_temp_master
            WHERE name='index_users_on_reset_password_token' AND type='index'
[0m
  [1m[35m (0.1ms)[0m  [1m[34m            SELECT sql
            FROM sqlite_master
            WHERE name='index_users_on_email' AND type='index'
            UNION ALL
            SELECT sql
            FROM sqlite_temp_master
            WHERE name='index_users_on_email' AND type='index'
[0m
Started GET "/" for 127.0.0.1 at 2017-07-05 15:09:13 -0400
  [1m[36mActiveRecord::SchemaMigration Load (0.1ms)[0m  [1m[34mSELECT "schema_migrations".* FROM "schema_migrations"[0m
Processing by BooksController#index as HTML
  Rendering books/index.html.erb within layouts/application
  [1m[35m (4.2ms)[0m  [1m[34mSELECT COUNT(*) FROM "books"[0m
  [1m[36mBook Load (0.3ms)[0m  [1m[34mSELECT "books".* FROM "books" ORDER BY created_at DESC[0m
  Rendered books/index.html.erb within layouts/application (33.1ms)
  [1m[36mCategory Load (0.2ms)[0m  [1m[34mSELECT "categories".* FROM "categories"[0m
Completed 200 OK in 941ms (Views: 859.1ms | ActiveRecord: 6.4ms)


  [1m[36mActiveRecord::SchemaMigration Load (0.2ms)[0m  [1m[34mSELECT "schema_migrations".* FROM "schema_migrations"[0m
Migrating to AddBookIdToReviews (20170705191212)
  [1m[35m (0.1ms)[0m  [1m[36mbegin transaction[0m
  [1m[35m (0.4ms)[0m  [1m[35mALTER TABLE "reviews" ADD "book_id" integer[0m
  [1m[35mSQL (0.2ms)[0m  [1m[32mINSERT INTO "schema_migrations" ("version") VALUES (?)[0m  [["version", "20170705191212"]]
  [1m[35m (105.0ms)[0m  [1m[36mcommit transaction[0m
  [1m[36mActiveRecord::InternalMetadata Load (0.5ms)[0m  [1m[34mSELECT  "ar_internal_metadata".* FROM "ar_internal_metadata" WHERE "ar_internal_metadata"."key" = ? LIMIT ?[0m  [["key", "environment"], ["LIMIT", 1]]
  [1m[35m (0.1ms)[0m  [1m[36mbegin transaction[0m
  [1m[35m (0.1ms)[0m  [1m[36mcommit transaction[0m
  [1m[36mActiveRecord::SchemaMigration Load (0.2ms)[0m  [1m[34mSELECT "schema_migrations".* FROM "schema_migrations"[0m
  [1m[35m (0.1ms)[0m  [1m[34m            SELECT sql
            FROM sqlite_master
            WHERE name='index_users_on_reset_password_token' AND type='index'
            UNION ALL
            SELECT sql
            FROM sqlite_temp_master
            WHERE name='index_users_on_reset_password_token' AND type='index'
[0m
  [1m[35m (0.1ms)[0m  [1m[34m            SELECT sql
            FROM sqlite_master
            WHERE name='index_users_on_email' AND type='index'
            UNION ALL
            SELECT sql
            FROM sqlite_temp_master
            WHERE name='index_users_on_email' AND type='index'
[0m
Started GET "/" for 127.0.0.1 at 2017-07-05 15:14:20 -0400
  [1m[36mActiveRecord::SchemaMigration Load (0.1ms)[0m  [1m[34mSELECT "schema_migrations".* FROM "schema_migrations"[0m
Processing by BooksController#index as HTML
  Rendering books/index.html.erb within layouts/application
  [1m[35m (0.2ms)[0m  [1m[34mSELECT COUNT(*) FROM "books"[0m
  [1m[36mBook Load (0.2ms)[0m  [1m[34mSELECT "books".* FROM "books" ORDER BY created_at DESC[0m
  Rendered books/index.html.erb within layouts/application (16.6ms)
  [1m[36mCategory Load (0.2ms)[0m  [1m[34mSELECT "categories".* FROM "categories"[0m
Completed 200 OK in 96ms (Views: 84.1ms | ActiveRecord: 2.2ms)


Started GET "/" for 127.0.0.1 at 2017-07-05 15:15:30 -0400
Processing by BooksController#index as HTML
  Rendering books/index.html.erb within layouts/application
  [1m[35m (0.2ms)[0m  [1m[34mSELECT COUNT(*) FROM "books"[0m
  [1m[36mBook Load (0.3ms)[0m  [1m[34mSELECT "books".* FROM "books" ORDER BY created_at DESC[0m
  Rendered books/index.html.erb within layouts/application (20.3ms)
  [1m[36mCategory Load (0.2ms)[0m  [1m[34mSELECT "categories".* FROM "categories"[0m
Completed 200 OK in 115ms (Views: 102.4ms | ActiveRecord: 2.9ms)


Started GET "/" for 127.0.0.1 at 2017-07-05 15:34:58 -0400
Processing by BooksController#index as HTML
  Rendering books/index.html.erb within layouts/application
  [1m[35m (0.2ms)[0m  [1m[34mSELECT COUNT(*) FROM "books"[0m
  [1m[36mBook Load (0.3ms)[0m  [1m[34mSELECT "books".* FROM "books" ORDER BY created_at DESC[0m
  Rendered books/index.html.erb within layouts/application (39.8ms)
  [1m[36mCategory Load (0.2ms)[0m  [1m[34mSELECT "categories".* FROM "categories"[0m
Completed 200 OK in 2530ms (Views: 2514.3ms | ActiveRecord: 3.4ms)


Started GET "/" for 127.0.0.1 at 2017-07-05 16:09:50 -0400
Processing by BooksController#index as HTML
  Rendering books/index.html.erb within layouts/application
  [1m[35m (0.9ms)[0m  [1m[34mSELECT COUNT(*) FROM "books"[0m
  [1m[36mBook Load (0.2ms)[0m  [1m[34mSELECT "books".* FROM "books" ORDER BY created_at DESC[0m
  Rendered books/index.html.erb within layouts/application (4.0ms)
  [1m[36mCategory Load (0.2ms)[0m  [1m[34mSELECT "categories".* FROM "categories"[0m
Completed 200 OK in 167ms (Views: 164.2ms | ActiveRecord: 1.3ms)


Started GET "/" for 127.0.0.1 at 2017-07-05 16:14:57 -0400
Processing by BooksController#index as HTML
  Rendering books/index.html.erb within layouts/application
  [1m[35m (0.6ms)[0m  [1m[34mSELECT COUNT(*) FROM "books"[0m
  [1m[36mBook Load (0.2ms)[0m  [1m[34mSELECT "books".* FROM "books" ORDER BY created_at DESC[0m
  Rendered books/index.html.erb within layouts/application (3.9ms)
  [1m[36mCategory Load (0.2ms)[0m  [1m[34mSELECT "categories".* FROM "categories"[0m
Completed 200 OK in 246ms (Views: 243.4ms | ActiveRecord: 1.1ms)


Started GET "/books/1" for 127.0.0.1 at 2017-07-05 16:26:06 -0400
Processing by BooksController#show as HTML
  Parameters: {"id"=>"1"}
  [1m[36mBook Load (0.6ms)[0m  [1m[34mSELECT  "books".* FROM "books" WHERE "books"."id" = ? LIMIT ?[0m  [["id", 1], ["LIMIT", 1]]
  Rendering books/show.html.erb within layouts/application
  [1m[35m (0.2ms)[0m  [1m[34mSELECT COUNT(*) FROM "reviews" WHERE "reviews"."book_id" = ?[0m  [["book_id", 1]]
  [1m[36mReview Load (0.2ms)[0m  [1m[34mSELECT "reviews".* FROM "reviews" WHERE "reviews"."book_id" = ?[0m  [["book_id", 1]]
  Rendered collection of templates [0 times] (0.0ms)
  Rendered collection of templates [0 times] (0.0ms)
  Rendered books/show.html.erb within layouts/application (43.4ms)
  [1m[36mCategory Load (0.2ms)[0m  [1m[34mSELECT "categories".* FROM "categories"[0m
Completed 200 OK in 125ms (Views: 104.6ms | ActiveRecord: 1.7ms)


Started GET "/users/sign_in" for 127.0.0.1 at 2017-07-05 16:26:12 -0400
Processing by Devise::SessionsController#new as HTML
  Rendering devise/sessions/new.html.erb within layouts/application
  Rendered devise/shared/_links.html.erb (1.9ms)
  Rendered devise/sessions/new.html.erb within layouts/application (322.9ms)
  [1m[36mCategory Load (0.2ms)[0m  [1m[34mSELECT "categories".* FROM "categories"[0m
Completed 200 OK in 446ms (Views: 425.3ms | ActiveRecord: 1.7ms)


Started POST "/users/sign_in" for 127.0.0.1 at 2017-07-05 16:26:23 -0400
Processing by Devise::SessionsController#create as HTML
  Parameters: {"utf8"=>"✓", "authenticity_token"=>"BFj5WLUJQ0NEHypTdMypcNa/7wv5rO/zDHZFP+6yO/7fY7wJAxCpiY4+6/DhziNF+hw/me0OmLPbgcbsojeygQ==", "user"=>{"email"=>"redcard1016@yahoo.com", "password"=>"[FILTERED]", "remember_me"=>"1"}, "commit"=>"Log in"}
  [1m[36mUser Load (0.3ms)[0m  [1m[34mSELECT  "users".* FROM "users" WHERE "users"."email" = ? ORDER BY "users"."id" ASC LIMIT ?[0m  [["email", "redcard1016@yahoo.com"], ["LIMIT", 1]]
  [1m[35m (0.1ms)[0m  [1m[36mbegin transaction[0m
  [1m[35mSQL (0.4ms)[0m  [1m[33mUPDATE "users" SET "remember_created_at" = ?, "updated_at" = ? WHERE "users"."id" = ?[0m  [["remember_created_at", "2017-07-05 20:26:24.222744"], ["updated_at", "2017-07-05 20:26:24.224287"], ["id", 1]]
  [1m[35m (120.3ms)[0m  [1m[36mcommit transaction[0m
  [1m[35m (0.1ms)[0m  [1m[36mbegin transaction[0m
  [1m[35mSQL (0.5ms)[0m  [1m[33mUPDATE "users" SET "sign_in_count" = ?, "current_sign_in_at" = ?, "updated_at" = ? WHERE "users"."id" = ?[0m  [["sign_in_count", 2], ["current_sign_in_at", "2017-07-05 20:26:24.349111"], ["updated_at", "2017-07-05 20:26:24.350930"], ["id", 1]]
  [1m[35m (114.6ms)[0m  [1m[36mcommit transaction[0m
Redirected to http://localhost:3000/
Completed 302 Found in 744ms (ActiveRecord: 236.3ms)


Started GET "/" for 127.0.0.1 at 2017-07-05 16:26:24 -0400
Processing by BooksController#index as HTML
  Rendering books/index.html.erb within layouts/application
  [1m[35m (0.6ms)[0m  [1m[34mSELECT COUNT(*) FROM "books"[0m
  [1m[36mBook Load (0.3ms)[0m  [1m[34mSELECT "books".* FROM "books" ORDER BY created_at DESC[0m
  Rendered books/index.html.erb within layouts/application (4.8ms)
  [1m[36mUser Load (0.2ms)[0m  [1m[34mSELECT  "users".* FROM "users" WHERE "users"."id" = ? ORDER BY "users"."id" ASC LIMIT ?[0m  [["id", 1], ["LIMIT", 1]]
  [1m[36mCategory Load (0.2ms)[0m  [1m[34mSELECT "categories".* FROM "categories"[0m
Completed 200 OK in 73ms (Views: 69.9ms | ActiveRecord: 1.3ms)


Started GET "/books/1" for 127.0.0.1 at 2017-07-05 16:26:27 -0400
Processing by BooksController#show as HTML
  Parameters: {"id"=>"1"}
  [1m[36mBook Load (0.3ms)[0m  [1m[34mSELECT  "books".* FROM "books" WHERE "books"."id" = ? LIMIT ?[0m  [["id", 1], ["LIMIT", 1]]
  Rendering books/show.html.erb within layouts/application
  [1m[35m (0.2ms)[0m  [1m[34mSELECT COUNT(*) FROM "reviews" WHERE "reviews"."book_id" = ?[0m  [["book_id", 1]]
  [1m[36mReview Load (0.2ms)[0m  [1m[34mSELECT "reviews".* FROM "reviews" WHERE "reviews"."book_id" = ?[0m  [["book_id", 1]]
  Rendered collection of templates [0 times] (0.0ms)
  Rendered collection of templates [0 times] (0.0ms)
  [1m[36mUser Load (0.3ms)[0m  [1m[34mSELECT  "users".* FROM "users" WHERE "users"."id" = ? ORDER BY "users"."id" ASC LIMIT ?[0m  [["id", 1], ["LIMIT", 1]]
  Rendered books/show.html.erb within layouts/application (10.7ms)
  [1m[36mCategory Load (0.3ms)[0m  [1m[34mSELECT "categories".* FROM "categories"[0m
Completed 200 OK in 88ms (Views: 84.6ms | ActiveRecord: 1.2ms)


Started GET "/books/1/reviews/new" for 127.0.0.1 at 2017-07-05 16:26:32 -0400
Processing by ReviewsController#new as HTML
  Parameters: {"book_id"=>"1"}
  [1m[36mBook Load (0.1ms)[0m  [1m[34mSELECT  "books".* FROM "books" WHERE "books"."id" = ? LIMIT ?[0m  [["id", 1], ["LIMIT", 1]]
  [1m[36mUser Load (0.2ms)[0m  [1m[34mSELECT  "users".* FROM "users" WHERE "users"."id" = ? ORDER BY "users"."id" ASC LIMIT ?[0m  [["id", 1], ["LIMIT", 1]]
  Rendering reviews/new.html.erb within layouts/application
  Rendered reviews/_form.html.erb (148.1ms)
  Rendered reviews/new.html.erb within layouts/application (149.8ms)
  [1m[36mCategory Load (0.2ms)[0m  [1m[34mSELECT "categories".* FROM "categories"[0m
Completed 200 OK in 240ms (Views: 221.1ms | ActiveRecord: 1.1ms)


Started GET "/books/1/reviews/new" for 127.0.0.1 at 2017-07-05 16:30:46 -0400
Processing by ReviewsController#new as HTML
  Parameters: {"book_id"=>"1"}
  [1m[36mBook Load (0.3ms)[0m  [1m[34mSELECT  "books".* FROM "books" WHERE "books"."id" = ? LIMIT ?[0m  [["id", 1], ["LIMIT", 1]]
  [1m[36mUser Load (0.2ms)[0m  [1m[34mSELECT  "users".* FROM "users" WHERE "users"."id" = ? ORDER BY "users"."id" ASC LIMIT ?[0m  [["id", 1], ["LIMIT", 1]]
  Rendering reviews/new.html.erb within layouts/application
  Rendered reviews/_form.html.erb (11.1ms)
  Rendered reviews/new.html.erb within layouts/application (12.4ms)
  [1m[36mCategory Load (0.2ms)[0m  [1m[34mSELECT "categories".* FROM "categories"[0m
Completed 200 OK in 112ms (Views: 106.9ms | ActiveRecord: 0.8ms)


Started GET "/books/1/reviews/new" for 127.0.0.1 at 2017-07-05 16:30:49 -0400
Processing by ReviewsController#new as HTML
  Parameters: {"book_id"=>"1"}
  [1m[36mBook Load (0.2ms)[0m  [1m[34mSELECT  "books".* FROM "books" WHERE "books"."id" = ? LIMIT ?[0m  [["id", 1], ["LIMIT", 1]]
  [1m[36mUser Load (0.2ms)[0m  [1m[34mSELECT  "users".* FROM "users" WHERE "users"."id" = ? ORDER BY "users"."id" ASC LIMIT ?[0m  [["id", 1], ["LIMIT", 1]]
  Rendering reviews/new.html.erb within layouts/application
  Rendered reviews/_form.html.erb (4.5ms)
  Rendered reviews/new.html.erb within layouts/application (6.1ms)
  [1m[36mCategory Load (0.2ms)[0m  [1m[34mSELECT "categories".* FROM "categories"[0m
Completed 200 OK in 77ms (Views: 73.3ms | ActiveRecord: 0.7ms)


Started GET "/" for 127.0.0.1 at 2017-07-05 16:34:33 -0400
Processing by BooksController#index as HTML
  Rendering books/index.html.erb within layouts/application
  [1m[35m (0.2ms)[0m  [1m[34mSELECT COUNT(*) FROM "books"[0m
  [1m[36mBook Load (0.2ms)[0m  [1m[34mSELECT "books".* FROM "books" ORDER BY created_at DESC[0m
  Rendered books/index.html.erb within layouts/application (2.7ms)
  [1m[36mUser Load (0.2ms)[0m  [1m[34mSELECT  "users".* FROM "users" WHERE "users"."id" = ? ORDER BY "users"."id" ASC LIMIT ?[0m  [["id", 1], ["LIMIT", 1]]
  [1m[36mCategory Load (0.2ms)[0m  [1m[34mSELECT "categories".* FROM "categories"[0m
Completed 200 OK in 79ms (Views: 76.7ms | ActiveRecord: 0.8ms)


Started GET "/books/1" for 127.0.0.1 at 2017-07-05 16:40:09 -0400
Processing by BooksController#show as HTML
  Parameters: {"id"=>"1"}
  [1m[36mBook Load (0.2ms)[0m  [1m[34mSELECT  "books".* FROM "books" WHERE "books"."id" = ? LIMIT ?[0m  [["id", 1], ["LIMIT", 1]]
  Rendering books/show.html.erb within layouts/application
  [1m[35m (0.2ms)[0m  [1m[34mSELECT COUNT(*) FROM "reviews" WHERE "reviews"."book_id" = ?[0m  [["book_id", 1]]
  [1m[36mReview Load (0.3ms)[0m  [1m[34mSELECT "reviews".* FROM "reviews" WHERE "reviews"."book_id" = ?[0m  [["book_id", 1]]
  Rendered collection of templates [0 times] (0.0ms)
  Rendered collection of templates [0 times] (0.0ms)
  [1m[36mUser Load (0.3ms)[0m  [1m[34mSELECT  "users".* FROM "users" WHERE "users"."id" = ? ORDER BY "users"."id" ASC LIMIT ?[0m  [["id", 1], ["LIMIT", 1]]
  Rendered books/show.html.erb within layouts/application (8.6ms)
  [1m[36mCategory Load (0.2ms)[0m  [1m[34mSELECT "categories".* FROM "categories"[0m
Completed 200 OK in 173ms (Views: 169.9ms | ActiveRecord: 1.2ms)


Started GET "/books/1/reviews/new" for 127.0.0.1 at 2017-07-05 16:40:12 -0400
Processing by ReviewsController#new as HTML
  Parameters: {"book_id"=>"1"}
  [1m[36mBook Load (0.1ms)[0m  [1m[34mSELECT  "books".* FROM "books" WHERE "books"."id" = ? LIMIT ?[0m  [["id", 1], ["LIMIT", 1]]
  [1m[36mUser Load (0.2ms)[0m  [1m[34mSELECT  "users".* FROM "users" WHERE "users"."id" = ? ORDER BY "users"."id" ASC LIMIT ?[0m  [["id", 1], ["LIMIT", 1]]
  Rendering reviews/new.html.erb within layouts/application
  Rendered reviews/_form.html.erb (4.8ms)
  Rendered reviews/new.html.erb within layouts/application (7.7ms)
  [1m[36mCategory Load (0.2ms)[0m  [1m[34mSELECT "categories".* FROM "categories"[0m
Completed 200 OK in 96ms (Views: 92.7ms | ActiveRecord: 0.6ms)


Started GET "/books/1" for 127.0.0.1 at 2017-07-05 17:00:11 -0400
Processing by BooksController#show as HTML
  Parameters: {"id"=>"1"}
  [1m[36mBook Load (0.3ms)[0m  [1m[34mSELECT  "books".* FROM "books" WHERE "books"."id" = ? LIMIT ?[0m  [["id", 1], ["LIMIT", 1]]
  [1m[36mReview Load (0.2ms)[0m  [1m[34mSELECT "reviews".* FROM "reviews" WHERE "reviews"."book_id" = ?[0m  [["book_id", 1]]
  Rendering books/show.html.erb within layouts/application
  [1m[35m (0.2ms)[0m  [1m[34mSELECT COUNT(*) FROM "reviews" WHERE "reviews"."book_id" = ?[0m  [["book_id", 1]]
  Rendered collection of templates [0 times] (0.0ms)
  [1m[36mUser Load (0.2ms)[0m  [1m[34mSELECT  "users".* FROM "users" WHERE "users"."id" = ? ORDER BY "users"."id" ASC LIMIT ?[0m  [["id", 1], ["LIMIT", 1]]
  Rendered books/show.html.erb within layouts/application (19.8ms)
  [1m[36mCategory Load (0.2ms)[0m  [1m[34mSELECT "categories".* FROM "categories"[0m
Completed 200 OK in 1923ms (Views: 1889.5ms | ActiveRecord: 3.7ms)


Started GET "/" for 127.0.0.1 at 2017-07-05 17:00:29 -0400
Processing by BooksController#index as HTML
  Rendering books/index.html.erb within layouts/application
  [1m[35m (0.5ms)[0m  [1m[34mSELECT COUNT(*) FROM "books"[0m
  [1m[36mBook Load (0.2ms)[0m  [1m[34mSELECT "books".* FROM "books" ORDER BY created_at DESC[0m
  Rendered books/index.html.erb within layouts/application (3.5ms)
  [1m[36mUser Load (0.3ms)[0m  [1m[34mSELECT  "users".* FROM "users" WHERE "users"."id" = ? ORDER BY "users"."id" ASC LIMIT ?[0m  [["id", 1], ["LIMIT", 1]]
  [1m[36mCategory Load (0.3ms)[0m  [1m[34mSELECT "categories".* FROM "categories"[0m
Completed 200 OK in 90ms (Views: 87.0ms | ActiveRecord: 1.4ms)


Started GET "/books/1" for 127.0.0.1 at 2017-07-05 17:00:35 -0400
Processing by BooksController#show as HTML
  Parameters: {"id"=>"1"}
  [1m[36mBook Load (0.5ms)[0m  [1m[34mSELECT  "books".* FROM "books" WHERE "books"."id" = ? LIMIT ?[0m  [["id", 1], ["LIMIT", 1]]
  [1m[36mReview Load (0.2ms)[0m  [1m[34mSELECT "reviews".* FROM "reviews" WHERE "reviews"."book_id" = ?[0m  [["book_id", 1]]
  Rendering books/show.html.erb within layouts/application
  [1m[35m (0.3ms)[0m  [1m[34mSELECT COUNT(*) FROM "reviews" WHERE "reviews"."book_id" = ?[0m  [["book_id", 1]]
  Rendered collection of templates [0 times] (0.0ms)
  [1m[36mUser Load (1.5ms)[0m  [1m[34mSELECT  "users".* FROM "users" WHERE "users"."id" = ? ORDER BY "users"."id" ASC LIMIT ?[0m  [["id", 1], ["LIMIT", 1]]
  Rendered books/show.html.erb within layouts/application (10.7ms)
  [1m[36mCategory Load (0.2ms)[0m  [1m[34mSELECT "categories".* FROM "categories"[0m
Completed 200 OK in 144ms (Views: 137.9ms | ActiveRecord: 2.7ms)


Started GET "/books/1" for 127.0.0.1 at 2017-07-05 17:04:09 -0400
Processing by BooksController#show as HTML
  Parameters: {"id"=>"1"}
  [1m[36mBook Load (0.2ms)[0m  [1m[34mSELECT  "books".* FROM "books" WHERE "books"."id" = ? LIMIT ?[0m  [["id", 1], ["LIMIT", 1]]
  [1m[36mReview Load (0.1ms)[0m  [1m[34mSELECT "reviews".* FROM "reviews" WHERE "reviews"."book_id" = ?[0m  [["book_id", 1]]
  Rendering books/show.html.erb within layouts/application
  [1m[35m (0.3ms)[0m  [1m[34mSELECT COUNT(*) FROM "reviews" WHERE "reviews"."book_id" = ?[0m  [["book_id", 1]]
  Rendered collection of templates [0 times] (0.0ms)
  [1m[36mUser Load (0.2ms)[0m  [1m[34mSELECT  "users".* FROM "users" WHERE "users"."id" = ? ORDER BY "users"."id" ASC LIMIT ?[0m  [["id", 1], ["LIMIT", 1]]
  Rendered books/show.html.erb within layouts/application (8.0ms)
  [1m[36mCategory Load (0.2ms)[0m  [1m[34mSELECT "categories".* FROM "categories"[0m
Completed 200 OK in 81ms (Views: 76.7ms | ActiveRecord: 1.0ms)


Started GET "/books/1" for 127.0.0.1 at 2017-07-05 17:14:27 -0400
Processing by BooksController#show as HTML
  Parameters: {"id"=>"1"}
  [1m[36mBook Load (0.1ms)[0m  [1m[34mSELECT  "books".* FROM "books" WHERE "books"."id" = ? LIMIT ?[0m  [["id", 1], ["LIMIT", 1]]
  [1m[36mReview Load (0.1ms)[0m  [1m[34mSELECT "reviews".* FROM "reviews" WHERE "reviews"."book_id" = ?[0m  [["book_id", 1]]
  Rendering books/show.html.erb within layouts/application
  [1m[35m (0.2ms)[0m  [1m[34mSELECT COUNT(*) FROM "reviews" WHERE "reviews"."book_id" = ?[0m  [["book_id", 1]]
  Rendered collection of templates [0 times] (0.0ms)
  [1m[36mUser Load (0.3ms)[0m  [1m[34mSELECT  "users".* FROM "users" WHERE "users"."id" = ? ORDER BY "users"."id" ASC LIMIT ?[0m  [["id", 1], ["LIMIT", 1]]
  Rendered books/show.html.erb within layouts/application (5.9ms)
  [1m[36mCategory Load (0.2ms)[0m  [1m[34mSELECT "categories".* FROM "categories"[0m
Completed 200 OK in 80ms (Views: 76.5ms | ActiveRecord: 0.9ms)


Started GET "/books/1/edit" for 127.0.0.1 at 2017-07-05 17:14:33 -0400
Processing by BooksController#edit as HTML
  Parameters: {"id"=>"1"}
  [1m[36mBook Load (0.1ms)[0m  [1m[34mSELECT  "books".* FROM "books" WHERE "books"."id" = ? LIMIT ?[0m  [["id", 1], ["LIMIT", 1]]
  [1m[36mUser Load (0.3ms)[0m  [1m[34mSELECT  "users".* FROM "users" WHERE "users"."id" = ? ORDER BY "users"."id" ASC LIMIT ?[0m  [["id", 1], ["LIMIT", 1]]
  [1m[36mCategory Load (0.2ms)[0m  [1m[34mSELECT "categories".* FROM "categories"[0m
  Rendering books/edit.html.erb within layouts/application
  Rendered books/edit.html.erb within layouts/application (63.4ms)
  [1m[36mCACHE (0.0ms)[0m  [1m[34mSELECT "categories".* FROM "categories"[0m
Completed 200 OK in 151ms (Views: 136.6ms | ActiveRecord: 0.7ms)


Started GET "/" for 127.0.0.1 at 2017-07-05 17:23:03 -0400
Processing by BooksController#index as HTML
  Rendering books/index.html.erb within layouts/application
  [1m[35m (0.4ms)[0m  [1m[34mSELECT COUNT(*) FROM "books"[0m
  [1m[36mBook Load (0.2ms)[0m  [1m[34mSELECT "books".* FROM "books" ORDER BY created_at DESC[0m
  Rendered books/index.html.erb within layouts/application (3.5ms)
  [1m[36mUser Load (0.2ms)[0m  [1m[34mSELECT  "users".* FROM "users" WHERE "users"."id" = ? ORDER BY "users"."id" ASC LIMIT ?[0m  [["id", 1], ["LIMIT", 1]]
  [1m[36mCategory Load (0.4ms)[0m  [1m[34mSELECT "categories".* FROM "categories"[0m
Completed 200 OK in 83ms (Views: 79.8ms | ActiveRecord: 1.3ms)


Started GET "/" for 127.0.0.1 at 2017-07-05 17:23:11 -0400
Processing by BooksController#index as HTML
  Rendering books/index.html.erb within layouts/application
  [1m[35m (0.5ms)[0m  [1m[34mSELECT COUNT(*) FROM "books"[0m
  [1m[36mBook Load (0.2ms)[0m  [1m[34mSELECT "books".* FROM "books" ORDER BY created_at DESC[0m
  Rendered books/index.html.erb within layouts/application (4.0ms)
  [1m[36mUser Load (0.2ms)[0m  [1m[34mSELECT  "users".* FROM "users" WHERE "users"."id" = ? ORDER BY "users"."id" ASC LIMIT ?[0m  [["id", 1], ["LIMIT", 1]]
  [1m[36mCategory Load (0.2ms)[0m  [1m[34mSELECT "categories".* FROM "categories"[0m
Completed 200 OK in 73ms (Views: 70.1ms | ActiveRecord: 1.2ms)


